==================== 2025-11-25 08:43:06.683886 | 905a0a56-d86c-4724-9638-0673b2c49c53 ====================
08:43:06.690879 [info ]: Starting dbt LSP server
08:43:06.690927 [info ]: Connecting to LSP client on port 8000
08:43:06.696651 [info ]: Successfully connected to LSP client
08:43:06.696738 [info ]: Creating LSP service...
08:43:07.024373 [info ]: Creating LSP server...
08:43:07.024480 [info ]: Starting LSP server...
==================== 2025-11-25 08:52:04.916128 | b6440238-6f62-4af8-a448-e80a0912ab66 ====================
08:52:04.916717 [info ]: Starting dbt LSP server
08:52:04.916758 [info ]: Connecting to LSP client on port 8000
08:52:04.920125 [info ]: Successfully connected to LSP client
08:52:04.920256 [info ]: Creating LSP service...
08:52:05.169733 [info ]: Creating LSP server...
08:52:05.169775 [info ]: Starting LSP server...
==================== 2025-11-25 09:03:30.309371 | 93717499-a6f8-4d14-add6-b2ef44dcee84 ====================
09:03:30.309582 [info ]: Starting dbt LSP server
09:03:30.309618 [info ]: Connecting to LSP client on port 8000
09:03:30.314114 [info ]: Successfully connected to LSP client
09:03:30.314184 [info ]: Creating LSP service...
09:03:30.540702 [info ]: Creating LSP server...
09:03:30.540756 [info ]: Starting LSP server...
==================== 2025-11-27 01:56:51.063063 | ba23d8da-fa97-443b-82a2-a15f30ccd78e ====================
01:56:51.069532 [info ]: Starting dbt LSP server
01:56:51.069586 [info ]: Connecting to LSP client on port 8000
01:56:51.074257 [info ]: Successfully connected to LSP client
01:56:51.074302 [info ]: Creating LSP service...
01:56:51.339189 [info ]: Creating LSP server...
01:56:51.339244 [info ]: Starting LSP server...
==================== 2025-12-02 01:59:32.349078 | 16e77ef3-67ba-4b86-a17c-f54f1bef86a1 ====================
01:59:32.368746 [info ]: Starting dbt LSP server
01:59:32.368824 [info ]: Connecting to LSP client on port 8000
01:59:32.371136 [info ]: Successfully connected to LSP client
01:59:32.371180 [info ]: Creating LSP service...
01:59:32.663007 [info ]: Creating LSP server...
01:59:32.663058 [info ]: Starting LSP server...
